=/pretest.json
{
  _: [],
  f: [
    '/home/runner/work/exp-electrode-position-electroencephalogram-iitr/exp-electrode-position-electroencephalogram-iitr/experiment/pretest.json'
  ],
  files: [
    '/home/runner/work/exp-electrode-position-electroencephalogram-iitr/exp-electrode-position-electroencephalogram-iitr/experiment/pretest.json'
  ],
  c: 'assessment',
  contentTypes: 'assessment',
  'content-types': 'assessment',
  '$0': 'validate'
}
Validated true
=/posttest.json
{
  _: [],
  f: [
    '/home/runner/work/exp-electrode-position-electroencephalogram-iitr/exp-electrode-position-electroencephalogram-iitr/experiment/posttest.json'
  ],
  files: [
    '/home/runner/work/exp-electrode-position-electroencephalogram-iitr/exp-electrode-position-electroencephalogram-iitr/experiment/posttest.json'
  ],
  c: 'assessment',
  contentTypes: 'assessment',
  'content-types': 'assessment',
  '$0': 'validate'
}
/questions/1: must have required property 'difficulty'

/questions/4: must have required property 'difficulty'

Json Error: must match "then" schema
Json Error: must match "then" schema
Failed while validating /home/runner/work/exp-electrode-position-electroencephalogram-iitr/exp-electrode-position-electroencephalogram-iitr/experiment/posttest.json
Error: Schema is Invalid
